[2022-11-25T13:28:17.828] [WARN] todos - metodo GET Ruta inexistente /datos
[2022-11-25T13:29:09.245] [WARN] todos - metodo GET Ruta inexistente /datos
[2022-11-25T14:03:08.846] [WARN] todos - metodo GET Ruta inexistente /favicon.ico
[2022-11-25T14:11:28.555] [WARN] todos - metodo GET Ruta inexistente /favicon.ico
[2022-11-25T14:12:09.714] [WARN] todos - metodo GET Ruta inexistente /favicon.ico
[2022-11-25T14:13:12.389] [WARN] todos - metodo GET Ruta inexistente /favicon.ico
[2022-11-25T14:16:27.257] [WARN] todos - metodo GET Ruta inexistente /favicon.ico
[2022-11-25T14:18:33.106] [WARN] todos - metodo GET Ruta inexistente /datos
[2022-11-25T14:19:19.094] [WARN] todos - metodo GET Ruta inexistente /favicon.ico
[2022-11-25T14:22:33.338] [WARN] todos - metodo GET Ruta inexistente /favicon.ico
[2022-11-25T14:23:42.877] [WARN] todos - metodo GET Ruta inexistente /favicon.ico
[2022-11-25T14:27:22.334] [WARN] todos - metodo GET Ruta inexistente /favicon.ico
[2022-11-25T14:27:57.043] [WARN] todos - metodo GET Ruta inexistente /favicon.ico
[2022-11-25T14:58:40.619] [WARN] todos - metodo GET Ruta inexistente /favicon.ico
[2022-11-25T15:05:19.252] [WARN] todos - metodo GET Ruta inexistente /favicon.ico
[2022-11-25T15:06:42.696] [WARN] todos - metodo GET Ruta inexistente /js/function.js
[2022-11-25T15:06:42.826] [WARN] todos - metodo GET Ruta inexistente /js/function.js
[2022-11-25T15:08:54.415] [INFO] todos - metodo GET Ruta  /
[2022-11-25T15:14:50.634] [INFO] todos - metodo GET Ruta  /
[2022-11-25T15:14:54.111] [INFO] todos - metodo GET Ruta  /
[2022-11-25T15:14:58.411] [INFO] todos - metodo GET Ruta  /
[2022-11-25T15:15:07.793] [INFO] todos - metodo GET Ruta  /
[2022-11-25T15:15:08.447] [WARN] todos - metodo GET Ruta inexistente /favicon.ico
[2022-11-25T15:19:11.239] [INFO] todos - metodo GET Ruta  /
[2022-11-25T15:22:58.364] [INFO] todos - metodo GET Ruta  /
[2022-11-25T15:25:56.447] [INFO] todos - metodo GET Ruta  /
[2022-11-25T15:25:58.406] [INFO] todos - metodo GET Ruta  /
[2022-11-25T15:26:01.453] [INFO] todos - metodo GET Ruta  /
[2022-11-25T15:29:24.042] [INFO] todos - metodo GET Ruta  /
[2022-11-25T15:31:48.295] [INFO] todos - metodo GET Ruta  /
[2022-11-25T15:37:47.423] [INFO] todos - metodo GET Ruta  /
[2022-11-25T15:48:15.765] [INFO] todos - metodo GET Ruta  /
[2022-11-25T15:48:17.570] [INFO] todos - metodo GET Ruta  /
[2022-11-25T15:49:04.990] [INFO] todos - metodo GET Ruta  /
[2022-11-25T15:49:07.055] [INFO] todos - metodo GET Ruta  /
[2022-11-25T15:49:23.757] [INFO] todos - metodo GET Ruta  /
[2022-11-25T15:49:49.165] [INFO] todos - metodo GET Ruta  /
[2022-11-25T15:49:49.869] [WARN] todos - metodo GET Ruta inexistente /favicon.ico
[2022-11-25T15:50:02.055] [INFO] todos - metodo GET Ruta  /
[2022-11-25T15:50:05.025] [INFO] todos - metodo GET Ruta  /
[2022-11-25T15:50:09.326] [INFO] todos - metodo GET Ruta  /
[2022-11-25T15:50:31.648] [INFO] todos - metodo GET Ruta  /
[2022-11-25T15:50:44.756] [INFO] todos - metodo GET Ruta  /
[2022-11-25T16:07:34.803] [INFO] todos - metodo GET Ruta  /
[2022-11-25T16:13:33.316] [INFO] todos - metodo GET Ruta  /
[2022-11-25T16:24:58.480] [INFO] todos - metodo GET Ruta  /
[2022-11-25T16:32:15.392] [WARN] todos - metodo GET Ruta inexistente /css/estilos.css
[2022-11-25T16:32:17.649] [INFO] todos - metodo GET Ruta  /
[2022-11-25T16:33:08.199] [WARN] todos - metodo GET Ruta inexistente /css/estilos.css
[2022-11-25T16:33:10.480] [INFO] todos - metodo GET Ruta  /
[2022-11-25T16:34:28.709] [INFO] todos - metodo GET Ruta  /
[2022-11-25T16:34:32.778] [WARN] todos - metodo GET Ruta inexistente /css/estilos.css
[2022-11-25T16:34:34.971] [INFO] todos - metodo GET Ruta  /
[2022-11-25T16:43:47.018] [INFO] todos - metodo GET Ruta  /
[2022-11-25T16:43:47.622] [WARN] todos - metodo GET Ruta inexistente /favicon.ico
[2022-11-25T16:43:50.192] [WARN] todos - metodo GET Ruta inexistente /css/estilos.css
[2022-11-25T16:43:52.436] [INFO] todos - metodo GET Ruta  /
[2022-11-25T16:46:06.183] [WARN] todos - metodo GET Ruta inexistente /favicon.ico
[2022-11-25T16:46:12.864] [WARN] todos - metodo GET Ruta inexistente /css/estilos.css
[2022-11-25T16:46:15.094] [INFO] todos - metodo GET Ruta  /
[2022-11-25T16:49:30.608] [WARN] todos - metodo GET Ruta inexistente /css/estilos.css
[2022-11-25T16:49:32.804] [INFO] todos - metodo GET Ruta  /
[2022-11-25T16:54:07.695] [INFO] todos - metodo GET Ruta  /
[2022-11-25T16:54:16.414] [WARN] todos - metodo GET Ruta inexistente /css/estilos.css
[2022-11-25T16:54:18.752] [INFO] todos - metodo GET Ruta  /
[2022-11-25T17:41:30.832] [WARN] todos - metodo GET Ruta inexistente /css/estilos.css
[2022-11-25T17:41:33.144] [INFO] todos - metodo GET Ruta  /
[2022-11-25T17:41:50.550] [INFO] todos - metodo GET Ruta  /
[2022-11-25T17:42:06.933] [WARN] todos - metodo GET Ruta inexistente /main
[2022-11-25T17:42:18.197] [INFO] todos - metodo GET Ruta  /
[2022-11-25T17:42:18.711] [INFO] todos - metodo GET Ruta  /
[2022-11-25T17:46:49.270] [INFO] todos - metodo GET Ruta  /
[2022-11-25T17:46:53.833] [INFO] todos - metodo GET Ruta  /
[2022-11-25T17:46:54.580] [WARN] todos - metodo GET Ruta inexistente /favicon.ico
[2022-11-25T17:46:59.598] [INFO] todos - metodo GET Ruta  /
[2022-11-25T17:53:53.112] [INFO] todos - metodo GET Ruta  /
